<?xml version="1.0" encoding="UTF-8"?>
<!-- Generated by org.testng.reporters.JUnitReportReporter -->
<testsuite hostname="CPC-Akash-V06KI" failures="0" tests="1" name="testCases.TC001_AccountRegistrationTest" time="2.820" errors="0" timestamp="2024-08-14T20:06:52 IST" skipped="0">
  <testcase classname="testCases.TC001_AccountRegistrationTest" name="verify_account_registration" time="2.820"/>
</testsuite> <!-- testCases.TC001_AccountRegistrationTest -->
